2023-03-05 23:30:49.134 [info] ログ レベル: Info
2023-03-05 23:30:49.134 [info] Git の検証が検出されました: "git"
2023-03-05 23:30:49.134 [info] "git" から Git "2.25.1" を使用しています
2023-03-05 23:30:49.134 [info] > git rev-parse --show-toplevel [66ms]
2023-03-05 23:30:49.134 [info] fatal: not a git repository (or any of the parent directories): .git
2023-03-05 23:30:49.138 [info] > git rev-parse --show-toplevel [7ms]
2023-03-05 23:30:49.138 [info] fatal: not a git repository (or any of the parent directories): .git
2023-03-05 23:30:49.151 [info] > git rev-parse --show-toplevel [5ms]
2023-03-05 23:30:49.152 [info] fatal: not a git repository (or any of the parent directories): .git
2023-03-05 23:30:49.193 [info] > git rev-parse --show-toplevel [33ms]
2023-03-05 23:30:49.193 [info] fatal: not a git repository (or any of the parent directories): .git
2023-03-05 23:30:49.219 [info] > git rev-parse --show-toplevel [16ms]
2023-03-05 23:30:49.219 [info] fatal: not a git repository (or any of the parent directories): .git
2023-03-05 23:30:49.231 [info] > git rev-parse --show-toplevel [1ms]
2023-03-05 23:30:49.231 [info] fatal: not a git repository (or any of the parent directories): .git
2023-03-05 23:30:49.255 [info] > git rev-parse --show-toplevel [16ms]
2023-03-05 23:30:49.257 [info] fatal: not a git repository (or any of the parent directories): .git
2023-03-05 23:30:49.273 [info] > git rev-parse --show-toplevel [6ms]
2023-03-05 23:30:49.273 [info] fatal: not a git repository (or any of the parent directories): .git
2023-03-05 23:30:51.918 [info] > git rev-parse --show-toplevel [1586ms]
2023-03-05 23:30:51.918 [info] fatal: not a git repository (or any of the parent directories): .git
2023-03-05 23:30:56.868 [info] > git rev-parse --show-toplevel [1017ms]
2023-03-05 23:30:56.868 [info] fatal: not a git repository (or any of the parent directories): .git
2023-03-05 23:30:59.469 [info] > git rev-parse --show-toplevel [98ms]
2023-03-05 23:30:59.470 [info] fatal: not a git repository (or any of the parent directories): .git
2023-03-05 23:31:33.447 [info] > git rev-parse --show-toplevel [10ms]
2023-03-05 23:31:33.448 [info] fatal: not a git repository (or any of the parent directories): .git
2023-03-05 23:32:07.917 [info] > git rev-parse --show-toplevel [5ms]
2023-03-05 23:32:07.918 [info] fatal: not a git repository (or any of the parent directories): .git
2023-03-05 23:32:16.698 [info] > git rev-parse --show-toplevel [5ms]
2023-03-05 23:32:16.699 [info] fatal: not a git repository (or any of the parent directories): .git
2023-03-05 23:32:17.967 [info] > git rev-parse --show-toplevel [8ms]
2023-03-05 23:32:17.967 [info] fatal: not a git repository (or any of the parent directories): .git
2023-03-05 23:32:31.814 [info] > git rev-parse --show-toplevel [3ms]
2023-03-05 23:32:31.815 [info] fatal: not a git repository (or any of the parent directories): .git
2023-03-05 23:32:42.728 [info] > git rev-parse --show-toplevel [27ms]
2023-03-05 23:32:42.728 [info] fatal: not a git repository (or any of the parent directories): .git
2023-03-05 23:32:42.744 [info] > git rev-parse --show-toplevel [3ms]
2023-03-05 23:32:42.744 [info] fatal: not a git repository (or any of the parent directories): .git
2023-03-05 23:34:28.541 [info] > git rev-parse --show-toplevel [7ms]
2023-03-05 23:34:28.542 [info] fatal: not a git repository (or any of the parent directories): .git
2023-03-05 23:34:48.045 [info] > git rev-parse --show-toplevel [5ms]
2023-03-05 23:34:48.046 [info] fatal: not a git repository (or any of the parent directories): .git
2023-03-05 23:35:03.672 [info] > git rev-parse --show-toplevel [5ms]
2023-03-05 23:35:03.672 [info] fatal: not a git repository (or any of the parent directories): .git
2023-03-05 23:35:45.365 [info] > git rev-parse --show-toplevel [6ms]
2023-03-05 23:35:45.366 [info] fatal: not a git repository (or any of the parent directories): .git
2023-03-05 23:36:01.568 [info] > git rev-parse --show-toplevel [19ms]
2023-03-05 23:36:01.568 [info] fatal: not a git repository (or any of the parent directories): .git
2023-03-05 23:37:33.066 [info] > git rev-parse --show-toplevel [5ms]
2023-03-05 23:37:33.066 [info] fatal: not a git repository (or any of the parent directories): .git
2023-03-05 23:38:29.719 [info] > git rev-parse --show-toplevel [7ms]
2023-03-05 23:38:29.719 [info] fatal: not a git repository (or any of the parent directories): .git
