[Info  - 11:38:56 PM] (602) Pylance language server 2023.3.10 (pyright 773a7cde) starting
[Info  - 11:38:56 PM] (602) Server root directory: /home/ragaa/.vscode-server/extensions/ms-python.vscode-pylance-2023.3.10/dist
[Info  - 11:38:56 PM] (602) Starting service instance "ragaa"
[Info  - 11:38:56 PM] (602) Auto-indent enabled
[Info  - 11:38:56 PM] (602) Starting service instance "<default>"
[Info  - 11:38:56 PM] (602) No pyproject.toml file found.
[Info  - 11:38:56 PM] (602) Setting pythonPath for service "<default>": "/home/ragaa/venv/bin/python"
[Warn  - 11:38:56 PM] (602) stubPath typings is not a valid directory.
[Info  - 11:38:56 PM] (602) Assuming Python version 3.8
[Info  - 11:38:56 PM] (602) Assuming Python platform Linux
[Info  - 11:38:56 PM] (602) Searching for source files
[Info  - 11:38:56 PM] (602) No source files found.
[Info  - 11:38:56 PM] (602) No configuration file found.
[Info  - 11:38:56 PM] (602) No pyproject.toml file found.
[Info  - 11:38:56 PM] (602) Setting pythonPath for service "ragaa": "/home/ragaa/venv/bin/python"
[Warn  - 11:38:56 PM] (602) stubPath /home/ragaa/typings is not a valid directory.
[Info  - 11:38:56 PM] (602) Assuming Python version 3.8
[Info  - 11:38:56 PM] (602) Assuming Python platform Linux
[Info  - 11:38:56 PM] (602) Searching for source files
[Info  - 11:38:56 PM] (602) Auto-excluding /home/ragaa/project2/venv
[Info  - 11:38:56 PM] (602) Auto-excluding /home/ragaa/project3/venv
[Info  - 11:38:56 PM] (602) Auto-excluding /home/ragaa/venv
[Info  - 11:38:56 PM] (602) Found 48 source files
[Info  - 11:38:56 PM] (602) No pyproject.toml file found.
[Info  - 11:38:56 PM] (602) Setting pythonPath for service "<default>": "/home/ragaa/venv/bin/python"
[Warn  - 11:38:56 PM] (602) stubPath typings is not a valid directory.
[Info  - 11:38:56 PM] (602) Assuming Python version 3.8
[Info  - 11:38:56 PM] (602) Assuming Python platform Linux
[Info  - 11:38:56 PM] (602) Searching for source files
[Info  - 11:38:56 PM] (602) No source files found.
[Info  - 11:38:57 PM] (602) Background analysis(1) root directory: /home/ragaa/.vscode-server/extensions/ms-python.vscode-pylance-2023.3.10/dist
[Info  - 11:38:57 PM] (602) Background analysis(1) started
[Info  - 11:38:57 PM] (602) Background analysis(2) root directory: /home/ragaa/.vscode-server/extensions/ms-python.vscode-pylance-2023.3.10/dist
[Info  - 11:38:57 PM] (602) Background analysis(2) started
[Info  - 11:38:57 PM] (602) Indexer background runner(3) root directory: /home/ragaa/.vscode-server/extensions/ms-python.vscode-pylance-2023.3.10/dist (index)
[Info  - 11:38:57 PM] (602) Indexing(3) started
[Info  - 11:38:58 PM] (602) scanned(3) 41 files over 1 exec env
[Info  - 11:38:59 PM] (602) indexed(3) 28 files over 1 exec env
[Info  - 11:38:59 PM] (602) Indexing finished(3).
