2023-03-11 16:50:40.242 [info] ログ レベル: Info
2023-03-11 16:50:40.242 [info] Git の検証が検出されました: "git"
2023-03-11 16:50:40.242 [info] "git" から Git "2.25.1" を使用しています
2023-03-11 16:50:40.344 [info] > git rev-parse --show-toplevel [836ms]
2023-03-11 16:50:40.344 [info] fatal: not a git repository (or any of the parent directories): .git
2023-03-11 16:50:40.620 [info] > git rev-parse --show-toplevel [259ms]
2023-03-11 16:50:40.620 [info] fatal: not a git repository (or any of the parent directories): .git
2023-03-11 16:50:40.674 [info] > git rev-parse --show-toplevel [42ms]
2023-03-11 16:50:40.674 [info] fatal: not a git repository (or any of the parent directories): .git
2023-03-11 16:50:40.954 [info] > git rev-parse --show-toplevel [263ms]
2023-03-11 16:50:40.954 [info] fatal: not a git repository (or any of the parent directories): .git
2023-03-11 16:50:41.027 [info] > git rev-parse --show-toplevel [46ms]
2023-03-11 16:50:41.027 [info] fatal: not a git repository (or any of the parent directories): .git
2023-03-11 16:50:41.101 [info] > git rev-parse --show-toplevel [48ms]
2023-03-11 16:50:41.101 [info] fatal: not a git repository (or any of the parent directories): .git
2023-03-11 16:50:41.133 [info] > git rev-parse --show-toplevel [11ms]
2023-03-11 16:50:41.133 [info] fatal: not a git repository (or any of the parent directories): .git
2023-03-11 16:50:41.161 [info] > git rev-parse --show-toplevel [4ms]
2023-03-11 16:50:41.161 [info] fatal: not a git repository (or any of the parent directories): .git
2023-03-11 16:50:41.219 [info] > git rev-parse --show-toplevel [41ms]
2023-03-11 16:50:41.219 [info] fatal: not a git repository (or any of the parent directories): .git
2023-03-11 16:51:04.494 [info] > git rev-parse --show-toplevel [41ms]
2023-03-11 16:51:04.494 [info] fatal: not a git repository (or any of the parent directories): .git
2023-03-11 16:56:03.045 [info] > git rev-parse --show-toplevel [10ms]
2023-03-11 16:56:03.045 [info] fatal: not a git repository (or any of the parent directories): .git
2023-03-11 16:56:05.617 [info] > git rev-parse --show-toplevel [477ms]
2023-03-11 16:56:05.617 [info] fatal: not a git repository (or any of the parent directories): .git
2023-03-11 16:56:08.999 [info] > git rev-parse --show-toplevel [7ms]
2023-03-11 16:56:09.000 [info] fatal: not a git repository (or any of the parent directories): .git
2023-03-11 17:49:50.645 [info] > git init [27ms]
2023-03-11 17:49:50.661 [info] > git rev-parse --show-toplevel [2ms]
2023-03-11 17:49:50.674 [info] > git rev-parse --git-dir --git-common-dir [1ms]
2023-03-11 17:49:50.688 [info] Open repository: /home/ragaa
2023-03-11 17:49:50.732 [info] No remotes found in the git config file.
2023-03-11 17:49:50.733 [info] > git config --get commit.template [17ms]
2023-03-11 17:49:50.734 [info] > git for-each-ref --format=%(refname)%00%(upstream:short)%00%(objectname)%00%(upstream:track)%00%(upstream:remotename)%00%(upstream:remoteref) refs/heads/master refs/remotes/master [3ms]
2023-03-11 17:49:51.134 [info] > git show --textconv :project3/bookproject/book/views.py [63ms]
2023-03-11 17:49:51.134 [info] > git show --textconv :project3/bookproject/book/templates/book/book_list.html [50ms]
2023-03-11 17:49:51.134 [info] > git show --textconv :project3/bookproject/book/templates/book/index.html [39ms]
2023-03-11 17:49:51.134 [info] > git ls-files --stage -- /home/ragaa/project3/bookproject/book/templates/book/index.html [2ms]
2023-03-11 17:49:51.137 [info] > git ls-files --stage -- /home/ragaa/project3/bookproject/book/templates/book/book_list.html [19ms]
2023-03-11 17:49:51.137 [info] > git ls-files --stage -- /home/ragaa/project3/bookproject/book/views.py [30ms]
2023-03-11 17:49:51.211 [info] > git status -z -uall [465ms] (cancelled)
2023-03-11 17:49:51.433 [info] > git check-ignore -v -z --stdin [2ms]
2023-03-11 17:49:52.196 [info] > git ls-files --stage -- /home/ragaa/project3/bookproject/book/templates/book/index.html [1ms]
2023-03-11 17:49:52.197 [info] > git ls-files --stage -- /home/ragaa/project3/bookproject/book/templates/book/book_list.html [13ms]
2023-03-11 17:49:52.198 [info] > git ls-files --stage -- /home/ragaa/project3/bookproject/book/views.py [25ms]
2023-03-11 17:49:52.283 [info] > git show --textconv :project3/bookproject/book/templates/book/index.html [24ms]
2023-03-11 17:49:52.283 [info] > git show --textconv :project3/bookproject/book/templates/book/book_list.html [14ms]
2023-03-11 17:49:52.283 [info] > git show --textconv :project3/bookproject/book/views.py [2ms]
2023-03-11 17:49:59.376 [info] > git config --get commit.template [33ms]
2023-03-11 17:49:59.418 [info] No remotes found in the git config file.
2023-03-11 17:49:59.421 [info] > git for-each-ref --format=%(refname)%00%(upstream:short)%00%(objectname)%00%(upstream:track)%00%(upstream:remotename)%00%(upstream:remoteref) refs/heads/master refs/remotes/master [3ms]
2023-03-11 17:50:02.661 [info] > git status -z -uall [3208ms] (cancelled)
2023-03-11 17:50:03.175 [info] > git check-ignore -v -z --stdin [2ms]
