2023-03-05 22:59:32.555 [info] ログ レベル: Info
2023-03-05 22:59:32.555 [info] Git の検証が検出されました: "git"
2023-03-05 22:59:32.555 [info] "git" から Git "2.25.1" を使用しています
2023-03-05 22:59:32.555 [info] > git rev-parse --show-toplevel [29ms]
2023-03-05 22:59:32.555 [info] fatal: not a git repository (or any of the parent directories): .git
2023-03-05 22:59:32.556 [info] > git rev-parse --show-toplevel [3ms]
2023-03-05 22:59:32.556 [info] fatal: not a git repository (or any of the parent directories): .git
2023-03-05 22:59:32.565 [info] > git rev-parse --show-toplevel [2ms]
2023-03-05 22:59:32.565 [info] fatal: not a git repository (or any of the parent directories): .git
2023-03-05 22:59:32.573 [info] > git rev-parse --show-toplevel [1ms]
2023-03-05 22:59:32.573 [info] fatal: not a git repository (or any of the parent directories): .git
2023-03-05 22:59:32.583 [info] > git rev-parse --show-toplevel [1ms]
2023-03-05 22:59:32.583 [info] fatal: not a git repository (or any of the parent directories): .git
2023-03-05 22:59:32.654 [info] > git rev-parse --show-toplevel [64ms]
2023-03-05 22:59:32.654 [info] fatal: not a git repository (or any of the parent directories): .git
2023-03-05 22:59:32.669 [info] > git rev-parse --show-toplevel [7ms]
2023-03-05 22:59:32.669 [info] fatal: not a git repository (or any of the parent directories): .git
2023-03-05 22:59:32.685 [info] > git rev-parse --show-toplevel [3ms]
2023-03-05 22:59:32.685 [info] fatal: not a git repository (or any of the parent directories): .git
2023-03-05 22:59:32.699 [info] > git rev-parse --show-toplevel [2ms]
2023-03-05 22:59:32.699 [info] fatal: not a git repository (or any of the parent directories): .git
2023-03-05 23:18:33.261 [info] > git rev-parse --show-toplevel [9ms]
2023-03-05 23:18:33.261 [info] fatal: not a git repository (or any of the parent directories): .git
2023-03-05 23:19:20.838 [info] > git rev-parse --show-toplevel [5ms]
2023-03-05 23:19:20.838 [info] fatal: not a git repository (or any of the parent directories): .git
2023-03-05 23:19:48.676 [info] > git rev-parse --show-toplevel [6ms]
2023-03-05 23:19:48.685 [info] fatal: not a git repository (or any of the parent directories): .git
2023-03-05 23:19:51.074 [info] > git rev-parse --show-toplevel [8ms]
2023-03-05 23:19:51.074 [info] fatal: not a git repository (or any of the parent directories): .git
2023-03-05 23:19:51.978 [info] > git rev-parse --show-toplevel [7ms]
2023-03-05 23:19:51.978 [info] fatal: not a git repository (or any of the parent directories): .git
2023-03-05 23:19:53.344 [info] > git rev-parse --show-toplevel [6ms]
2023-03-05 23:19:53.344 [info] fatal: not a git repository (or any of the parent directories): .git
2023-03-05 23:20:04.097 [info] > git rev-parse --show-toplevel [2375ms]
2023-03-05 23:20:04.097 [info] fatal: not a git repository (or any of the parent directories): .git
2023-03-05 23:20:22.817 [info] > git rev-parse --show-toplevel [4ms]
2023-03-05 23:20:22.817 [info] fatal: not a git repository (or any of the parent directories): .git
2023-03-05 23:20:31.330 [info] > git rev-parse --show-toplevel [8ms]
2023-03-05 23:20:31.330 [info] fatal: not a git repository (or any of the parent directories): .git
2023-03-05 23:20:31.348 [info] > git rev-parse --show-toplevel [3ms]
2023-03-05 23:20:31.349 [info] fatal: not a git repository (or any of the parent directories): .git
2023-03-05 23:22:07.486 [info] > git rev-parse --show-toplevel [8ms]
2023-03-05 23:22:07.486 [info] fatal: not a git repository (or any of the parent directories): .git
2023-03-05 23:29:05.626 [info] > git rev-parse --show-toplevel [5ms]
2023-03-05 23:29:05.626 [info] fatal: not a git repository (or any of the parent directories): .git
2023-03-05 23:29:08.281 [info] > git rev-parse --show-toplevel [4ms]
2023-03-05 23:29:08.281 [info] fatal: not a git repository (or any of the parent directories): .git
2023-03-05 23:29:11.059 [info] > git rev-parse --show-toplevel [7ms]
2023-03-05 23:29:11.059 [info] fatal: not a git repository (or any of the parent directories): .git
