Name: isort
Module: isort
Python extension loading
Waiting for interpreter from python extension.
Python extension loaded
CWD Server: /home/ragaa
sys.path used to run Server:
   /home/ragaa/.vscode-server/extensions/ms-python.isort-2022.8.0/bundled/libs
   /home/ragaa/.vscode-server/extensions/ms-python.isort-2022.8.0/bundled/tool
   /usr/lib/python38.zip
   /usr/lib/python3.8
   /usr/lib/python3.8/lib-dynload
   /home/ragaa/venv/lib/python3.8/site-packages
Settings used to run Server:
[
    {
        "check": false,
        "workspace": "file:///home/ragaa",
        "logLevel": "error",
        "args": [],
        "severity": {
            "W": "Warning",
            "E": "Hint"
        },
        "path": [],
        "interpreter": [
            "/home/ragaa/venv/bin/python"
        ],
        "importStrategy": "useBundled",
        "showNotifications": "off"
    }
]

/home/ragaa/venv/bin/python -m isort --version-number
CWD Linter: /home/ragaa
Version info for isort running for /home/ragaa:
5.10.1

SUPPORTED isort>=5.10.1
FOUND isort==5.10.1

