[Info  - 11:06:13 PM] (323) Pylance language server 2023.3.10 (pyright 773a7cde) starting
[Info  - 11:06:13 PM] (323) Server root directory: /home/ragaa/.vscode-server/extensions/ms-python.vscode-pylance-2023.3.10/dist
[Info  - 11:06:13 PM] (323) Starting service instance "ragaa"
[Info  - 11:06:13 PM] (323) Auto-indent enabled
[Info  - 11:06:13 PM] (323) Starting service instance "<default>"
[Info  - 11:06:13 PM] (323) No pyproject.toml file found.
[Info  - 11:06:13 PM] (323) Setting pythonPath for service "<default>": "/home/ragaa/venv/bin/python"
[Warn  - 11:06:13 PM] (323) stubPath typings is not a valid directory.
[Info  - 11:06:13 PM] (323) Assuming Python version 3.8
[Info  - 11:06:13 PM] (323) Assuming Python platform Linux
[Info  - 11:06:13 PM] (323) Searching for source files
[Info  - 11:06:13 PM] (323) No source files found.
[Info  - 11:06:13 PM] (323) No configuration file found.
[Info  - 11:06:13 PM] (323) No pyproject.toml file found.
[Info  - 11:06:13 PM] (323) Setting pythonPath for service "ragaa": "/home/ragaa/venv/bin/python"
[Warn  - 11:06:13 PM] (323) stubPath /home/ragaa/typings is not a valid directory.
[Info  - 11:06:13 PM] (323) Assuming Python version 3.8
[Info  - 11:06:13 PM] (323) Assuming Python platform Linux
[Info  - 11:06:13 PM] (323) Searching for source files
[Info  - 11:06:13 PM] (323) Auto-excluding /home/ragaa/project2/venv
[Info  - 11:06:13 PM] (323) Auto-excluding /home/ragaa/project3/venv
[Info  - 11:06:13 PM] (323) Auto-excluding /home/ragaa/venv
[Info  - 11:06:13 PM] (323) Found 48 source files
[Info  - 11:06:13 PM] (323) No pyproject.toml file found.
[Info  - 11:06:13 PM] (323) Setting pythonPath for service "<default>": "/home/ragaa/venv/bin/python"
[Warn  - 11:06:13 PM] (323) stubPath typings is not a valid directory.
[Info  - 11:06:14 PM] (323) Assuming Python version 3.8
[Info  - 11:06:14 PM] (323) Assuming Python platform Linux
[Info  - 11:06:14 PM] (323) Searching for source files
[Info  - 11:06:14 PM] (323) No source files found.
[Info  - 11:06:14 PM] (323) Background analysis(1) root directory: /home/ragaa/.vscode-server/extensions/ms-python.vscode-pylance-2023.3.10/dist
[Info  - 11:06:14 PM] (323) Background analysis(1) started
[Info  - 11:06:14 PM] (323) Background analysis(2) root directory: /home/ragaa/.vscode-server/extensions/ms-python.vscode-pylance-2023.3.10/dist
[Info  - 11:06:14 PM] (323) Background analysis(2) started
[Info  - 11:06:14 PM] (323) Indexer background runner(3) root directory: /home/ragaa/.vscode-server/extensions/ms-python.vscode-pylance-2023.3.10/dist (index)
[Info  - 11:06:14 PM] (323) Indexing(3) started
[Info  - 11:06:15 PM] (323) scanned(3) 41 files over 1 exec env
[Info  - 11:06:16 PM] (323) indexed(3) 28 files over 1 exec env
[Info  - 11:06:16 PM] (323) Indexing finished(3).
[Info  - 11:07:14 PM] (323) Indexer background runner(4) root directory: /home/ragaa/.vscode-server/extensions/ms-python.vscode-pylance-2023.3.10/dist (refresh)
[Info  - 11:07:14 PM] (323) Indexing(4) started
[Info  - 11:07:15 PM] (323) scanned(4) 56 files over 1 exec env
[Info  - 11:07:16 PM] (323) indexed(4) 43 files over 1 exec env
[Info  - 11:07:16 PM] (323) Indexing finished(4).
