2023-03-07 23:05:32.426 [info] ログ レベル: Info
2023-03-07 23:05:32.426 [info] Git の検証が検出されました: "git"
2023-03-07 23:05:32.426 [info] "git" から Git "2.25.1" を使用しています
2023-03-07 23:05:32.426 [info] > git rev-parse --show-toplevel [10ms]
2023-03-07 23:05:32.426 [info] fatal: not a git repository (or any of the parent directories): .git
2023-03-07 23:05:32.426 [info] > git rev-parse --show-toplevel [2ms]
2023-03-07 23:05:32.426 [info] fatal: not a git repository (or any of the parent directories): .git
2023-03-07 23:05:32.426 [info] > git rev-parse --show-toplevel [10ms]
2023-03-07 23:05:32.426 [info] fatal: not a git repository (or any of the parent directories): .git
2023-03-07 23:05:32.426 [info] > git rev-parse --show-toplevel [4ms]
2023-03-07 23:05:32.426 [info] fatal: not a git repository (or any of the parent directories): .git
2023-03-07 23:05:32.426 [info] > git rev-parse --show-toplevel [3ms]
2023-03-07 23:05:32.426 [info] fatal: not a git repository (or any of the parent directories): .git
2023-03-07 23:05:32.426 [info] > git rev-parse --show-toplevel [2ms]
2023-03-07 23:05:32.426 [info] fatal: not a git repository (or any of the parent directories): .git
2023-03-07 23:05:32.426 [info] > git rev-parse --show-toplevel [2ms]
2023-03-07 23:05:32.426 [info] fatal: not a git repository (or any of the parent directories): .git
2023-03-07 23:05:32.427 [info] > git rev-parse --show-toplevel [2ms]
2023-03-07 23:05:32.427 [info] fatal: not a git repository (or any of the parent directories): .git
2023-03-07 23:06:09.810 [info] > git rev-parse --show-toplevel [878ms]
2023-03-07 23:06:09.810 [info] fatal: not a git repository (or any of the parent directories): .git
2023-03-07 23:06:11.965 [info] > git rev-parse --show-toplevel [629ms]
2023-03-07 23:06:11.965 [info] fatal: not a git repository (or any of the parent directories): .git
2023-03-07 23:06:12.251 [info] > git rev-parse --show-toplevel [42ms]
2023-03-07 23:06:12.251 [info] fatal: not a git repository (or any of the parent directories): .git
2023-03-07 23:08:27.654 [info] > git rev-parse --show-toplevel [13ms]
2023-03-07 23:08:27.654 [info] fatal: not a git repository (or any of the parent directories): .git
2023-03-07 23:08:29.374 [info] > git rev-parse --show-toplevel [9ms]
2023-03-07 23:08:29.374 [info] fatal: not a git repository (or any of the parent directories): .git
2023-03-07 23:08:36.880 [info] > git rev-parse --show-toplevel [12ms]
2023-03-07 23:08:36.880 [info] fatal: not a git repository (or any of the parent directories): .git
2023-03-07 23:08:56.876 [info] > git rev-parse --show-toplevel [6ms]
2023-03-07 23:08:56.876 [info] fatal: not a git repository (or any of the parent directories): .git
2023-03-07 23:08:57.462 [info] > git rev-parse --show-toplevel [8ms]
2023-03-07 23:08:57.462 [info] fatal: not a git repository (or any of the parent directories): .git
2023-03-07 23:08:59.454 [info] > git rev-parse --show-toplevel [4ms]
2023-03-07 23:08:59.454 [info] fatal: not a git repository (or any of the parent directories): .git
2023-03-07 23:09:00.277 [info] > git rev-parse --show-toplevel [7ms]
2023-03-07 23:09:00.277 [info] fatal: not a git repository (or any of the parent directories): .git
2023-03-07 23:19:07.761 [info] > git rev-parse --show-toplevel [471ms]
2023-03-07 23:19:07.761 [info] fatal: not a git repository (or any of the parent directories): .git
2023-03-07 23:19:11.979 [info] > git rev-parse --show-toplevel [10ms]
2023-03-07 23:19:11.979 [info] fatal: not a git repository (or any of the parent directories): .git
2023-03-07 23:19:14.012 [info] > git rev-parse --show-toplevel [3ms]
2023-03-07 23:19:14.012 [info] fatal: not a git repository (or any of the parent directories): .git
2023-03-07 23:19:14.930 [info] > git rev-parse --show-toplevel [7ms]
2023-03-07 23:19:14.930 [info] fatal: not a git repository (or any of the parent directories): .git
2023-03-07 23:19:16.835 [info] > git rev-parse --show-toplevel [3ms]
2023-03-07 23:19:16.835 [info] fatal: not a git repository (or any of the parent directories): .git
2023-03-07 23:24:34.978 [info] > git rev-parse --show-toplevel [4ms]
2023-03-07 23:24:34.978 [info] fatal: not a git repository (or any of the parent directories): .git
